<?xml version="1.0" encoding="UTF-8"?>
<testng-results ignored="0" total="1" passed="1" failed="0" skipped="0">
  <reporter-output>
  </reporter-output>
  <suite started-at="2022-08-13T10:43:38 IST" name="Suite" finished-at="2022-08-13T10:44:18 IST" duration-ms="39368">
    <groups>
    </groups>
    <test started-at="2022-08-13T10:43:38 IST" name="Test" finished-at="2022-08-13T10:44:18 IST" duration-ms="39368">
      <class name="utilites.Test1">
        <test-method is-config="true" signature="setup()[pri:0, instance:utilites.Test1@6a6afff2]" started-at="2022-08-13T10:43:39 IST" name="setup" finished-at="2022-08-13T10:43:47 IST" duration-ms="8294" status="PASS">
          <reporter-output>
          </reporter-output>
        </test-method> <!-- setup -->
        <test-method is-config="true" signature="login()[pri:0, instance:utilites.Test1@6a6afff2]" started-at="2022-08-13T10:43:47 IST" name="login" finished-at="2022-08-13T10:43:50 IST" duration-ms="2681" status="PASS">
          <reporter-output>
          </reporter-output>
        </test-method> <!-- login -->
        <test-method signature="macc()[pri:0, instance:utilites.Test1@6a6afff2]" started-at="2022-08-13T10:43:50 IST" name="macc" finished-at="2022-08-13T10:44:12 IST" duration-ms="22965" status="PASS">
          <reporter-output>
          </reporter-output>
        </test-method> <!-- macc -->
        <test-method is-config="true" signature="closeConnection()[pri:0, instance:utilites.Test1@6a6afff2]" started-at="2022-08-13T10:44:13 IST" name="closeConnection" finished-at="2022-08-13T10:44:18 IST" duration-ms="5163" status="PASS">
          <reporter-output>
          </reporter-output>
        </test-method> <!-- closeConnection -->
      </class> <!-- utilites.Test1 -->
    </test> <!-- Test -->
  </suite> <!-- Suite -->
</testng-results>
